#
# There is insufficient memory for the Java Runtime Environment to continue.
# Native memory allocation (malloc) failed to allocate 2052704 bytes. Error detail: Chunk::new
# Possible reasons:
#   The system is out of physical RAM or swap space
#   This process is running with CompressedOops enabled, and the Java Heap may be blocking the growth of the native heap
# Possible solutions:
#   Reduce memory load on the system
#   Increase physical memory or swap space
#   Check if swap backing store is full
#   Decrease Java heap size (-Xmx/-Xms)
#   Decrease number of Java threads
#   Decrease Java thread stack sizes (-Xss)
#   Set larger code cache with -XX:ReservedCodeCacheSize=
#   JVM is running with Unscaled Compressed Oops mode in which the Java heap is
#     placed in the first 4GB address space. The Java Heap base address is the
#     maximum limit for the native heap growth. Please use -XX:HeapBaseMinAddress
#     to set the Java Heap base and to place the Java Heap above 4GB virtual address.
# This output file may be truncated or incomplete.
#
#  Out of Memory Error (arena.cpp:168), pid=28376, tid=35044
#
# JRE version: OpenJDK Runtime Environment Temurin-21.0.10+7 (21.0.10+7) (build 21.0.10+7-LTS)
# Java VM: OpenJDK 64-Bit Server VM Temurin-21.0.10+7 (21.0.10+7-LTS, mixed mode, sharing, tiered, compressed oops, compressed class ptrs, parallel gc, windows-amd64)
# No core dump will be written. Minidumps are not enabled by default on client versions of Windows
#

---------------  S U M M A R Y ------------

Command Line: --add-modules=ALL-SYSTEM --add-opens=java.base/java.util=ALL-UNNAMED --add-opens=java.base/java.lang=ALL-UNNAMED --add-opens=java.base/sun.nio.fs=ALL-UNNAMED -Declipse.application=org.eclipse.jdt.ls.core.id1 -Dosgi.bundles.defaultStartLevel=4 -Declipse.product=org.eclipse.jdt.ls.core.product -Djava.import.generatesMetadataFilesAtProjectRoot=false -DDetectVMInstallationsJob.disabled=true -Dfile.encoding=utf8 -XX:+UseParallelGC -XX:GCTimeRatio=4 -XX:AdaptiveSizePolicyWeight=90 -Dsun.zip.disableMemoryMapping=true -Xmx2G -Xms100m -Xlog:disable -javaagent:c:\Users\valer\.vscode\extensions\redhat.java-1.54.0-win32-x64\lombok\lombok-1.18.39-4050.jar -XX:+HeapDumpOnOutOfMemoryError -XX:HeapDumpPath=c:\Users\valer\AppData\Roaming\Code\User\workspaceStorage\ea6754926f2a72bde354673a39cd8a41\redhat.java -Daether.dependencyCollector.impl=bf c:\Users\valer\.vscode\extensions\redhat.java-1.54.0-win32-x64\server\plugins\org.eclipse.equinox.launcher_1.7.100.v20251111-0406.jar -configuration c:\Users\valer\AppData\Roaming\Code\User\globalStorage\redhat.java\1.54.0\config_win -data c:\Users\valer\AppData\Roaming\Code\User\workspaceStorage\ea6754926f2a72bde354673a39cd8a41\redhat.java\jdt_ws --pipe=\\.\pipe\lsp-da8065e3c8c97a4b9f0a2e4b96345104-sock

Host: 13th Gen Intel(R) Core(TM) i5-1335U, 12 cores, 15G,  Windows 11 , 64 bit Build 26100 (10.0.26100.8521)
Time: Thu Jun 25 00:46:39 2026 Hora est. Sudam廨ica Pac璗ico elapsed time: 24.774611 seconds (0d 0h 0m 24s)

---------------  T H R E A D  ---------------

Current thread (0x000001bae8d01010):  JavaThread "C2 CompilerThread0" daemon [_thread_in_native, id=35044, stack(0x00000016cc900000,0x00000016cca00000) (1024K)]


Current CompileTask:
C2:24775 4454       4       org.lombokweb.asm.ClassReader::readMethod (1070 bytes)

Stack: [0x00000016cc900000,0x00000016cca00000]
Native frames: (J=compiled Java code, j=interpreted, Vv=VM code, C=native code)
V  [jvm.dll+0x6d7a39]
V  [jvm.dll+0x8b4b26]
V  [jvm.dll+0x8b70de]
V  [jvm.dll+0x8b77c3]
V  [jvm.dll+0x284346]
V  [jvm.dll+0xc66ed]
V  [jvm.dll+0xc6c31]
V  [jvm.dll+0x3bec3b]
V  [jvm.dll+0x1e3f69]
V  [jvm.dll+0x24c6b3]
V  [jvm.dll+0x24bb40]
V  [jvm.dll+0x1cb34e]
V  [jvm.dll+0x25b85d]
V  [jvm.dll+0x259dea]
V  [jvm.dll+0x3f857e]
V  [jvm.dll+0x85f59d]
V  [jvm.dll+0x6d626d]
C  [ucrtbase.dll+0x2cd30]
C  [KERNEL32.DLL+0x2e957]
C  [ntdll.dll+0x87c1c]


---------------  P R O C E S S  ---------------

Threads class SMR info:
_java_thread_list=0x000001bac1d12e60, length=27, elements={
0x000001bae8c504f0, 0x000001bae8cf43e0, 0x000001baff6fcba0, 0x000001bae8cf8ad0,
0x000001bae8cfcd00, 0x000001bae8cfd760, 0x000001bae8d001d0, 0x000001bae8d01010,
0x000001bac1b12040, 0x000001bac1d624e0, 0x000001bac1d6fba0, 0x000001bac76efc90,
0x000001bac777b570, 0x000001bac1bf3c20, 0x000001bac1baa460, 0x000001bac7b5ff40,
0x000001bac7c08050, 0x000001bac76bc0a0, 0x000001bac7c396b0, 0x000001bac7c3b780,
0x000001bac7c3a3d0, 0x000001bac7c3aa60, 0x000001bac93d0090, 0x000001bac8703000,
0x000001bac7c39020, 0x000001bacad27190, 0x000001bacad28540
}

Java Threads: ( => current thread )
  0x000001bae8c504f0 JavaThread "main"                              [_thread_in_vm, id=39464, stack(0x00000016cbf00000,0x00000016cc000000) (1024K)]
  0x000001bae8cf43e0 JavaThread "Reference Handler"          daemon [_thread_blocked, id=37904, stack(0x00000016cc300000,0x00000016cc400000) (1024K)]
  0x000001baff6fcba0 JavaThread "Finalizer"                  daemon [_thread_blocked, id=29236, stack(0x00000016cc400000,0x00000016cc500000) (1024K)]
  0x000001bae8cf8ad0 JavaThread "Signal Dispatcher"          daemon [_thread_blocked, id=37436, stack(0x00000016cc500000,0x00000016cc600000) (1024K)]
  0x000001bae8cfcd00 JavaThread "Attach Listener"            daemon [_thread_blocked, id=45028, stack(0x00000016cc600000,0x00000016cc700000) (1024K)]
  0x000001bae8cfd760 JavaThread "Service Thread"             daemon [_thread_blocked, id=40452, stack(0x00000016cc700000,0x00000016cc800000) (1024K)]
  0x000001bae8d001d0 JavaThread "Monitor Deflation Thread"   daemon [_thread_blocked, id=32192, stack(0x00000016cc800000,0x00000016cc900000) (1024K)]
=>0x000001bae8d01010 JavaThread "C2 CompilerThread0"         daemon [_thread_in_native, id=35044, stack(0x00000016cc900000,0x00000016cca00000) (1024K)]
  0x000001bac1b12040 JavaThread "C1 CompilerThread0"         daemon [_thread_in_native, id=40812, stack(0x00000016cca00000,0x00000016ccb00000) (1024K)]
  0x000001bac1d624e0 JavaThread "Common-Cleaner"             daemon [_thread_blocked, id=32864, stack(0x00000016ccb00000,0x00000016ccc00000) (1024K)]
  0x000001bac1d6fba0 JavaThread "Notification Thread"        daemon [_thread_blocked, id=44060, stack(0x00000016ccc00000,0x00000016ccd00000) (1024K)]
  0x000001bac76efc90 JavaThread "Active Thread: Equinox Container: f63eca01-88c4-47d6-a584-92f0b54c2d34"        [_thread_blocked, id=30732, stack(0x00000016ccd00000,0x00000016cce00000) (1024K)]
  0x000001bac777b570 JavaThread "Refresh Thread: Equinox Container: f63eca01-88c4-47d6-a584-92f0b54c2d34" daemon [_thread_blocked, id=39544, stack(0x00000016cd600000,0x00000016cd700000) (1024K)]
  0x000001bac1bf3c20 JavaThread "Framework Event Dispatcher: Equinox Container: f63eca01-88c4-47d6-a584-92f0b54c2d34" daemon [_thread_blocked, id=27444, stack(0x00000016cd400000,0x00000016cd500000) (1024K)]
  0x000001bac1baa460 JavaThread "Start Level: Equinox Container: f63eca01-88c4-47d6-a584-92f0b54c2d34" daemon [_thread_blocked, id=43896, stack(0x00000016cd700000,0x00000016cd800000) (1024K)]
  0x000001bac7b5ff40 JavaThread "Bundle File Closer"         daemon [_thread_blocked, id=7952, stack(0x00000016cdb00000,0x00000016cdc00000) (1024K)]
  0x000001bac7c08050 JavaThread "SCR Component Actor"        daemon [_thread_blocked, id=21660, stack(0x00000016cd800000,0x00000016cd900000) (1024K)]
  0x000001bac76bc0a0 JavaThread "Worker-JM"                         [_thread_blocked, id=29980, stack(0x00000016cdc00000,0x00000016cdd00000) (1024K)]
  0x000001bac7c396b0 JavaThread "JNA Cleaner"                daemon [_thread_blocked, id=15832, stack(0x00000016cdd00000,0x00000016cde00000) (1024K)]
  0x000001bac7c3b780 JavaThread "Worker-0: Repository registry initialization"        [_thread_in_Java, id=5012, stack(0x00000016cde00000,0x00000016cdf00000) (1024K)]
  0x000001bac7c3a3d0 JavaThread "Worker-1: Loading available Gradle versions"        [_thread_in_vm, id=31148, stack(0x00000016cdf00000,0x00000016ce000000) (1024K)]
  0x000001bac7c3aa60 JavaThread "Worker-2: Initialize After Load"        [_thread_in_vm, id=43664, stack(0x00000016ce000000,0x00000016ce100000) (1024K)]
  0x000001bac93d0090 JavaThread "C2 CompilerThread1"         daemon [_thread_in_native, id=34620, stack(0x00000016ce100000,0x00000016ce200000) (1024K)]
  0x000001bac8703000 JavaThread "C2 CompilerThread2"         daemon [_thread_in_native, id=36768, stack(0x00000016ce200000,0x00000016ce300000) (1024K)]
  0x000001bac7c39020 JavaThread "Java indexing"              daemon [_thread_blocked, id=11412, stack(0x00000016ce300000,0x00000016ce400000) (1024K)]
  0x000001bacad27190 JavaThread "Worker-3"                          [_thread_blocked, id=38412, stack(0x00000016ce600000,0x00000016ce700000) (1024K)]
  0x000001bacad28540 JavaThread "Worker-4"                          [_thread_blocked, id=3824, stack(0x00000016ce700000,0x00000016ce800000) (1024K)]
Total: 27

Other Threads:
  0x000001bac1af0090 VMThread "VM Thread"                           [id=36728, stack(0x00000016cc200000,0x00000016cc300000) (1024K)]
  0x000001baff5dca00 WatcherThread "VM Periodic Task Thread"        [id=31848, stack(0x00000016cc100000,0x00000016cc200000) (1024K)]
  0x000001bae8c6e160 WorkerThread "GC Thread#0"                     [id=35068, stack(0x00000016cc000000,0x00000016cc100000) (1024K)]
  0x000001bac7374440 WorkerThread "GC Thread#1"                     [id=39072, stack(0x00000016cce00000,0x00000016ccf00000) (1024K)]
  0x000001bac73747f0 WorkerThread "GC Thread#2"                     [id=1168, stack(0x00000016ccf00000,0x00000016cd000000) (1024K)]
  0x000001bac7374ba0 WorkerThread "GC Thread#3"                     [id=37188, stack(0x00000016cd000000,0x00000016cd100000) (1024K)]
  0x000001bac7374f50 WorkerThread "GC Thread#4"                     [id=1176, stack(0x00000016cd100000,0x00000016cd200000) (1024K)]
  0x000001bac7686f00 WorkerThread "GC Thread#5"                     [id=44844, stack(0x00000016cd200000,0x00000016cd300000) (1024K)]
  0x000001bac76872b0 WorkerThread "GC Thread#6"                     [id=38556, stack(0x00000016cd300000,0x00000016cd400000) (1024K)]
  0x000001bac1e6f620 WorkerThread "GC Thread#7"                     [id=39660, stack(0x00000016cd500000,0x00000016cd600000) (1024K)]
  0x000001bac7062360 WorkerThread "GC Thread#8"                     [id=16908, stack(0x00000016cd900000,0x00000016cda00000) (1024K)]
  0x000001bac7caf180 WorkerThread "GC Thread#9"                     [id=35960, stack(0x00000016cda00000,0x00000016cdb00000) (1024K)]
Total: 12

Threads with active compile tasks:
C2 CompilerThread0  24876 4454       4       org.lombokweb.asm.ClassReader::readMethod (1070 bytes)
C2 CompilerThread1  24876 4806   !   4       org.eclipse.osgi.internal.loader.classpath.ClasspathManager::findClassImpl (328 bytes)
C2 CompilerThread2  24877 4792       4       sun.util.locale.BaseLocale::getInstance (150 bytes)
Total: 3

VM state: not at safepoint (normal execution)

VM Mutex/Monitor currently owned by a thread:  ([mutex/lock_event])
[0x00007ffad8f4c4e0] Metaspace_lock - owner thread: 0x000001bac7c3a3d0

Heap address: 0x0000000080000000, size: 2048 MB, Compressed Oops mode: 32-bit

CDS archive(s) mapped at: [0x000001ba80000000-0x000001ba80ba0000-0x000001ba80ba0000), size 12189696, SharedBaseAddress: 0x000001ba80000000, ArchiveRelocationMode: 1.
Compressed class space mapped at: 0x000001ba81000000-0x000001bac1000000, reserved size: 1073741824
Narrow klass base: 0x000001ba80000000, Narrow klass shift: 0, Narrow klass range: 0x100000000

GC Precious Log:
 CardTable entry size: 512
 CPUs: 12 total, 12 available
 Memory: 16067M
 Large Page Support: Disabled
 NUMA Support: Disabled
 Compressed Oops: Enabled (32-bit)
 Alignments: Space 512K, Generation 512K, Heap 2M
 Heap Min Capacity: 100M
 Heap Initial Capacity: 100M
 Heap Max Capacity: 2G
 Pre-touch: Disabled
 Parallel Workers: 10

Heap:
 PSYoungGen      total 23040K, used 20759K [0x00000000d5580000, 0x00000000d7080000, 0x0000000100000000)
  eden space 22016K, 89% used [0x00000000d5580000,0x00000000d68ca008,0x00000000d6b00000)
  from space 1024K, 98% used [0x00000000d6e80000,0x00000000d6f7bc00,0x00000000d6f80000)
  to   space 1024K, 0% used [0x00000000d6f80000,0x00000000d6f80000,0x00000000d7080000)
 ParOldGen       total 68608K, used 19081K [0x0000000080000000, 0x0000000084300000, 0x00000000d5580000)
  object space 68608K, 27% used [0x0000000080000000,0x00000000812a2678,0x0000000084300000)
 Metaspace       used 40050K, committed 41152K, reserved 1114112K
  class space    used 4325K, committed 4800K, reserved 1048576K

Card table byte_map: [0x000001bae8620000,0x000001bae8a30000] _byte_map_base: 0x000001bae8220000

Marking Bits: (ParMarkBitMap*) 0x00007ffad8f53450
 Begin Bits: [0x000001bafb100000, 0x000001bafd100000)
 End Bits:   [0x000001bafd100000, 0x000001baff100000)

Polling page: 0x000001bae8410000

Metaspace:

Usage:
  Non-class:     34.89 MB used.
      Class:      4.22 MB used.
       Both:     39.11 MB used.

Virtual space:
  Non-class space:       64.00 MB reserved,      35.50 MB ( 55%) committed,  1 nodes.
      Class space:        1.00 GB reserved,       4.69 MB ( <1%) committed,  1 nodes.
             Both:        1.06 GB reserved,      40.19 MB (  4%) committed. 

Chunk freelists:
   Non-Class:  12.36 MB
       Class:  11.19 MB
        Both:  23.55 MB

MaxMetaspaceSize: unlimited
CompressedClassSpaceSize: 1.00 GB
Initial GC threshold: 21.00 MB
Current GC threshold: 58.38 MB
CDS: on
 - commit_granule_bytes: 65536.
 - commit_granule_words: 8192.
 - virtual_space_node_default_size: 8388608.
 - enlarge_chunks_in_place: 1.
 - use_allocation_guard: 0.


Internal statistics:

num_allocs_failed_limit: 6.
num_arena_births: 922.
num_arena_deaths: 14.
num_vsnodes_births: 2.
num_vsnodes_deaths: 0.
num_space_committed: 643.
num_space_uncommitted: 0.
num_chunks_returned_to_freelist: 20.
num_chunks_taken_from_freelist: 2756.
num_chunk_merges: 12.
num_chunk_splits: 1676.
num_chunks_enlarged: 887.
num_inconsistent_stats: 0.

CodeHeap 'non-profiled nmethods': size=120000Kb used=2089Kb max_used=2305Kb free=117910Kb
 bounds [0x000001baf3920000, 0x000001baf3b90000, 0x000001bafae50000]
CodeHeap 'profiled nmethods': size=120000Kb used=9505Kb max_used=9970Kb free=110494Kb
 bounds [0x000001baebe50000, 0x000001baec810000, 0x000001baf3380000]
CodeHeap 'non-nmethods': size=5760Kb used=1353Kb max_used=1382Kb free=4406Kb
 bounds [0x000001baf3380000, 0x000001baf35f0000, 0x000001baf3920000]
CodeCache: size=245760Kb, used=12947Kb, max_used=13657Kb, free=232810Kb
 total_blobs=5348, nmethods=4700, adapters=554, full_count=0
Compilation: enabled, stopped_count=0, restarted_count=0

Compilation events (20 events):
Event: 24.736 Thread 0x000001bac1b12040 nmethod 5242 0x000001baec076990 code [0x000001baec076ba0, 0x000001baec076e48]
Event: 24.736 Thread 0x000001bac1b12040 5243       2       java.util.LinkedList::add (7 bytes)
Event: 24.737 Thread 0x000001bac1b12040 nmethod 5243 0x000001baec076610 code [0x000001baec0767c0, 0x000001baec0768e8]
Event: 24.737 Thread 0x000001bac1b12040 5247       2       org.objectweb.asm.ClassWriter::visitMethod (57 bytes)
Event: 24.738 Thread 0x000001bac1b12040 nmethod 5247 0x000001baec076110 code [0x000001baec0762c0, 0x000001baec076510]
Event: 24.739 Thread 0x000001bac1b12040 5251       2       org.objectweb.asm.MethodWriter::visitCode (1 bytes)
Event: 24.739 Thread 0x000001bac1b12040 nmethod 5251 0x000001baec08b290 code [0x000001baec08b420, 0x000001baec08b528]
Event: 24.739 Thread 0x000001bac1b12040 5252       2       org.objectweb.asm.MethodWriter::computeMethodInfoSize (571 bytes)
Event: 24.743 Thread 0x000001bac1b12040 nmethod 5252 0x000001baec074f10 code [0x000001baec0751e0, 0x000001baec075ab8]
Event: 24.743 Thread 0x000001bac1b12040 5253 %     3       java.util.Properties::loadConvert @ 72 (540 bytes)
Event: 24.747 Thread 0x000001bac1b12040 nmethod 5253% 0x000001baec2d6810 code [0x000001baec2d6b20, 0x000001baec2d7f00]
Event: 24.747 Thread 0x000001bac1b12040 5254       2       org.eclipse.core.runtime.Path::lastSegment (22 bytes)
Event: 24.747 Thread 0x000001bac1b12040 nmethod 5254 0x000001baec074b10 code [0x000001baec074cc0, 0x000001baec074e28]
Event: 24.748 Thread 0x000001bac1b12040 5248       2       org.objectweb.asm.MethodWriter::<init> (232 bytes)
Event: 24.750 Thread 0x000001bac1b12040 nmethod 5248 0x000001baec2d5b10 code [0x000001baec2d5d40, 0x000001baec2d6458]
Event: 24.750 Thread 0x000001bac1b12040 5260       3       java.util.stream.AbstractPipeline::exactOutputSizeIfKnown (86 bytes)
Event: 24.752 Thread 0x000001bac1b12040 nmethod 5260 0x000001baec073e90 code [0x000001baec074080, 0x000001baec0746d8]
Event: 24.752 Thread 0x000001bac1b12040 5259       3       java.util.stream.SortedOps$OfRef::opWrapSink (60 bytes)
Event: 24.755 Thread 0x000001bac1b12040 nmethod 5259 0x000001baebe85a90 code [0x000001baebe85d20, 0x000001baebe86b48]
Event: 24.755 Thread 0x000001bac1b12040 5261   !   2       com.google.common.cache.LocalCache$Segment::lockedGetOrLoad (447 bytes)

GC Heap History (20 events):
Event: 17.657 GC heap before
{Heap before GC invocations=8 (full 1):
 PSYoungGen      total 29184K, used 4466K [0x00000000d5580000, 0x00000000d7780000, 0x0000000100000000)
  eden space 24576K, 0% used [0x00000000d5580000,0x00000000d5580000,0x00000000d6d80000)
  from space 4608K, 96% used [0x00000000d6e00000,0x00000000d725cb08,0x00000000d7280000)
  to   space 5120K, 0% used [0x00000000d7280000,0x00000000d7280000,0x00000000d7780000)
 ParOldGen       total 68608K, used 9718K [0x0000000080000000, 0x0000000084300000, 0x00000000d5580000)
  object space 68608K, 14% used [0x0000000080000000,0x000000008097da88,0x0000000084300000)
 Metaspace       used 20586K, committed 21504K, reserved 1114112K
  class space    used 2201K, committed 2560K, reserved 1048576K
}
Event: 17.730 GC heap after
{Heap after GC invocations=8 (full 1):
 PSYoungGen      total 29184K, used 0K [0x00000000d5580000, 0x00000000d7780000, 0x0000000100000000)
  eden space 24576K, 0% used [0x00000000d5580000,0x00000000d5580000,0x00000000d6d80000)
  from space 4608K, 0% used [0x00000000d6e00000,0x00000000d6e00000,0x00000000d7280000)
  to   space 5120K, 0% used [0x00000000d7280000,0x00000000d7280000,0x00000000d7780000)
 ParOldGen       total 68608K, used 13476K [0x0000000080000000, 0x0000000084300000, 0x00000000d5580000)
  object space 68608K, 19% used [0x0000000080000000,0x0000000080d290b0,0x0000000084300000)
 Metaspace       used 20573K, committed 21504K, reserved 1114112K
  class space    used 2197K, committed 2560K, reserved 1048576K
}
Event: 18.514 GC heap before
{Heap before GC invocations=9 (full 1):
 PSYoungGen      total 29184K, used 24576K [0x00000000d5580000, 0x00000000d7780000, 0x0000000100000000)
  eden space 24576K, 100% used [0x00000000d5580000,0x00000000d6d80000,0x00000000d6d80000)
  from space 4608K, 0% used [0x00000000d6e00000,0x00000000d6e00000,0x00000000d7280000)
  to   space 5120K, 0% used [0x00000000d7280000,0x00000000d7280000,0x00000000d7780000)
 ParOldGen       total 68608K, used 13476K [0x0000000080000000, 0x0000000084300000, 0x00000000d5580000)
  object space 68608K, 19% used [0x0000000080000000,0x0000000080d290b0,0x0000000084300000)
 Metaspace       used 22479K, committed 23424K, reserved 1114112K
  class space    used 2372K, committed 2752K, reserved 1048576K
}
Event: 18.517 GC heap after
{Heap after GC invocations=9 (full 1):
 PSYoungGen      total 27136K, used 2782K [0x00000000d5580000, 0x00000000d7580000, 0x0000000100000000)
  eden space 24064K, 0% used [0x00000000d5580000,0x00000000d5580000,0x00000000d6d00000)
  from space 3072K, 90% used [0x00000000d7280000,0x00000000d7537b38,0x00000000d7580000)
  to   space 3584K, 0% used [0x00000000d6e80000,0x00000000d6e80000,0x00000000d7200000)
 ParOldGen       total 68608K, used 13484K [0x0000000080000000, 0x0000000084300000, 0x00000000d5580000)
  object space 68608K, 19% used [0x0000000080000000,0x0000000080d2b0b0,0x0000000084300000)
 Metaspace       used 22479K, committed 23424K, reserved 1114112K
  class space    used 2372K, committed 2752K, reserved 1048576K
}
Event: 20.850 GC heap before
{Heap before GC invocations=10 (full 1):
 PSYoungGen      total 27136K, used 26846K [0x00000000d5580000, 0x00000000d7580000, 0x0000000100000000)
  eden space 24064K, 100% used [0x00000000d5580000,0x00000000d6d00000,0x00000000d6d00000)
  from space 3072K, 90% used [0x00000000d7280000,0x00000000d7537b38,0x00000000d7580000)
  to   space 3584K, 0% used [0x00000000d6e80000,0x00000000d6e80000,0x00000000d7200000)
 ParOldGen       total 68608K, used 13484K [0x0000000080000000, 0x0000000084300000, 0x00000000d5580000)
  object space 68608K, 19% used [0x0000000080000000,0x0000000080d2b0b0,0x0000000084300000)
 Metaspace       used 26203K, committed 27200K, reserved 1114112K
  class space    used 2722K, committed 3136K, reserved 1048576K
}
Event: 20.854 GC heap after
{Heap after GC invocations=10 (full 1):
 PSYoungGen      total 25600K, used 1894K [0x00000000d5580000, 0x00000000d7300000, 0x0000000100000000)
  eden space 23552K, 0% used [0x00000000d5580000,0x00000000d5580000,0x00000000d6c80000)
  from space 2048K, 92% used [0x00000000d6e80000,0x00000000d70599e0,0x00000000d7080000)
  to   space 2560K, 0% used [0x00000000d7080000,0x00000000d7080000,0x00000000d7300000)
 ParOldGen       total 68608K, used 13492K [0x0000000080000000, 0x0000000084300000, 0x00000000d5580000)
  object space 68608K, 19% used [0x0000000080000000,0x0000000080d2d0b0,0x0000000084300000)
 Metaspace       used 26203K, committed 27200K, reserved 1114112K
  class space    used 2722K, committed 3136K, reserved 1048576K
}
Event: 21.628 GC heap before
{Heap before GC invocations=11 (full 1):
 PSYoungGen      total 25600K, used 25446K [0x00000000d5580000, 0x00000000d7300000, 0x0000000100000000)
  eden space 23552K, 100% used [0x00000000d5580000,0x00000000d6c80000,0x00000000d6c80000)
  from space 2048K, 92% used [0x00000000d6e80000,0x00000000d70599e0,0x00000000d7080000)
  to   space 2560K, 0% used [0x00000000d7080000,0x00000000d7080000,0x00000000d7300000)
 ParOldGen       total 68608K, used 13492K [0x0000000080000000, 0x0000000084300000, 0x00000000d5580000)
  object space 68608K, 19% used [0x0000000080000000,0x0000000080d2d0b0,0x0000000084300000)
 Metaspace       used 28373K, committed 29312K, reserved 1114112K
  class space    used 2997K, committed 3392K, reserved 1048576K
}
Event: 21.634 GC heap after
{Heap after GC invocations=11 (full 1):
 PSYoungGen      total 24576K, used 1176K [0x00000000d5580000, 0x00000000d7200000, 0x0000000100000000)
  eden space 23040K, 0% used [0x00000000d5580000,0x00000000d5580000,0x00000000d6c00000)
  from space 1536K, 76% used [0x00000000d7080000,0x00000000d71a60f8,0x00000000d7200000)
  to   space 1536K, 0% used [0x00000000d6f00000,0x00000000d6f00000,0x00000000d7080000)
 ParOldGen       total 68608K, used 14454K [0x0000000080000000, 0x0000000084300000, 0x00000000d5580000)
  object space 68608K, 21% used [0x0000000080000000,0x0000000080e1db00,0x0000000084300000)
 Metaspace       used 28373K, committed 29312K, reserved 1114112K
  class space    used 2997K, committed 3392K, reserved 1048576K
}
Event: 22.254 GC heap before
{Heap before GC invocations=12 (full 1):
 PSYoungGen      total 24576K, used 24216K [0x00000000d5580000, 0x00000000d7200000, 0x0000000100000000)
  eden space 23040K, 100% used [0x00000000d5580000,0x00000000d6c00000,0x00000000d6c00000)
  from space 1536K, 76% used [0x00000000d7080000,0x00000000d71a60f8,0x00000000d7200000)
  to   space 1536K, 0% used [0x00000000d6f00000,0x00000000d6f00000,0x00000000d7080000)
 ParOldGen       total 68608K, used 14454K [0x0000000080000000, 0x0000000084300000, 0x00000000d5580000)
  object space 68608K, 21% used [0x0000000080000000,0x0000000080e1db00,0x0000000084300000)
 Metaspace       used 30335K, committed 31296K, reserved 1114112K
  class space    used 3208K, committed 3584K, reserved 1048576K
}
Event: 22.259 GC heap after
{Heap after GC invocations=12 (full 1):
 PSYoungGen      total 23040K, used 512K [0x00000000d5580000, 0x00000000d7100000, 0x0000000100000000)
  eden space 22528K, 0% used [0x00000000d5580000,0x00000000d5580000,0x00000000d6b80000)
  from space 512K, 100% used [0x00000000d6f00000,0x00000000d6f80000,0x00000000d6f80000)
  to   space 1024K, 0% used [0x00000000d7000000,0x00000000d7000000,0x00000000d7100000)
 ParOldGen       total 68608K, used 15370K [0x0000000080000000, 0x0000000084300000, 0x00000000d5580000)
  object space 68608K, 22% used [0x0000000080000000,0x0000000080f02be8,0x0000000084300000)
 Metaspace       used 30335K, committed 31296K, reserved 1114112K
  class space    used 3208K, committed 3584K, reserved 1048576K
}
Event: 22.796 GC heap before
{Heap before GC invocations=13 (full 1):
 PSYoungGen      total 23040K, used 23040K [0x00000000d5580000, 0x00000000d7100000, 0x0000000100000000)
  eden space 22528K, 100% used [0x00000000d5580000,0x00000000d6b80000,0x00000000d6b80000)
  from space 512K, 100% used [0x00000000d6f00000,0x00000000d6f80000,0x00000000d6f80000)
  to   space 1024K, 0% used [0x00000000d7000000,0x00000000d7000000,0x00000000d7100000)
 ParOldGen       total 68608K, used 15370K [0x0000000080000000, 0x0000000084300000, 0x00000000d5580000)
  object space 68608K, 22% used [0x0000000080000000,0x0000000080f02be8,0x0000000084300000)
 Metaspace       used 32311K, committed 33344K, reserved 1114112K
  class space    used 3406K, committed 3840K, reserved 1048576K
}
Event: 22.801 GC heap after
{Heap after GC invocations=13 (full 1):
 PSYoungGen      total 23040K, used 814K [0x00000000d5580000, 0x00000000d7100000, 0x0000000100000000)
  eden space 22016K, 0% used [0x00000000d5580000,0x00000000d5580000,0x00000000d6b00000)
  from space 1024K, 79% used [0x00000000d7000000,0x00000000d70cb890,0x00000000d7100000)
  to   space 1024K, 0% used [0x00000000d6f00000,0x00000000d6f00000,0x00000000d7000000)
 ParOldGen       total 68608K, used 17277K [0x0000000080000000, 0x0000000084300000, 0x00000000d5580000)
  object space 68608K, 25% used [0x0000000080000000,0x00000000810df608,0x0000000084300000)
 Metaspace       used 32311K, committed 33344K, reserved 1114112K
  class space    used 3406K, committed 3840K, reserved 1048576K
}
Event: 23.342 GC heap before
{Heap before GC invocations=14 (full 1):
 PSYoungGen      total 23040K, used 22830K [0x00000000d5580000, 0x00000000d7100000, 0x0000000100000000)
  eden space 22016K, 100% used [0x00000000d5580000,0x00000000d6b00000,0x00000000d6b00000)
  from space 1024K, 79% used [0x00000000d7000000,0x00000000d70cb890,0x00000000d7100000)
  to   space 1024K, 0% used [0x00000000d6f00000,0x00000000d6f00000,0x00000000d7000000)
 ParOldGen       total 68608K, used 17277K [0x0000000080000000, 0x0000000084300000, 0x00000000d5580000)
  object space 68608K, 25% used [0x0000000080000000,0x00000000810df608,0x0000000084300000)
 Metaspace       used 34161K, committed 35136K, reserved 1114112K
  class space    used 3607K, committed 4032K, reserved 1048576K
}
Event: 23.347 GC heap after
{Heap after GC invocations=14 (full 1):
 PSYoungGen      total 23040K, used 1024K [0x00000000d5580000, 0x00000000d7080000, 0x0000000100000000)
  eden space 22016K, 0% used [0x00000000d5580000,0x00000000d5580000,0x00000000d6b00000)
  from space 1024K, 100% used [0x00000000d6f00000,0x00000000d7000000,0x00000000d7000000)
  to   space 512K, 0% used [0x00000000d7000000,0x00000000d7000000,0x00000000d7080000)
 ParOldGen       total 68608K, used 17803K [0x0000000080000000, 0x0000000084300000, 0x00000000d5580000)
  object space 68608K, 25% used [0x0000000080000000,0x0000000081162de8,0x0000000084300000)
 Metaspace       used 34161K, committed 35136K, reserved 1114112K
  class space    used 3607K, committed 4032K, reserved 1048576K
}
Event: 23.457 GC heap before
{Heap before GC invocations=15 (full 1):
 PSYoungGen      total 23040K, used 5273K [0x00000000d5580000, 0x00000000d7080000, 0x0000000100000000)
  eden space 22016K, 19% used [0x00000000d5580000,0x00000000d59a64a8,0x00000000d6b00000)
  from space 1024K, 100% used [0x00000000d6f00000,0x00000000d7000000,0x00000000d7000000)
  to   space 512K, 0% used [0x00000000d7000000,0x00000000d7000000,0x00000000d7080000)
 ParOldGen       total 68608K, used 17803K [0x0000000080000000, 0x0000000084300000, 0x00000000d5580000)
  object space 68608K, 25% used [0x0000000080000000,0x0000000081162de8,0x0000000084300000)
 Metaspace       used 34803K, committed 35840K, reserved 1114112K
  class space    used 3691K, committed 4160K, reserved 1048576K
}
Event: 23.461 GC heap after
{Heap after GC invocations=15 (full 1):
 PSYoungGen      total 22528K, used 480K [0x00000000d5580000, 0x00000000d7080000, 0x0000000100000000)
  eden space 22016K, 0% used [0x00000000d5580000,0x00000000d5580000,0x00000000d6b00000)
  from space 512K, 93% used [0x00000000d7000000,0x00000000d7078000,0x00000000d7080000)
  to   space 1024K, 0% used [0x00000000d6e80000,0x00000000d6e80000,0x00000000d6f80000)
 ParOldGen       total 68608K, used 18746K [0x0000000080000000, 0x0000000084300000, 0x00000000d5580000)
  object space 68608K, 27% used [0x0000000080000000,0x000000008124eb38,0x0000000084300000)
 Metaspace       used 34803K, committed 35840K, reserved 1114112K
  class space    used 3691K, committed 4160K, reserved 1048576K
}
Event: 23.461 GC heap before
{Heap before GC invocations=16 (full 2):
 PSYoungGen      total 22528K, used 480K [0x00000000d5580000, 0x00000000d7080000, 0x0000000100000000)
  eden space 22016K, 0% used [0x00000000d5580000,0x00000000d5580000,0x00000000d6b00000)
  from space 512K, 93% used [0x00000000d7000000,0x00000000d7078000,0x00000000d7080000)
  to   space 1024K, 0% used [0x00000000d6e80000,0x00000000d6e80000,0x00000000d6f80000)
 ParOldGen       total 68608K, used 18746K [0x0000000080000000, 0x0000000084300000, 0x00000000d5580000)
  object space 68608K, 27% used [0x0000000080000000,0x000000008124eb38,0x0000000084300000)
 Metaspace       used 34803K, committed 35840K, reserved 1114112K
  class space    used 3691K, committed 4160K, reserved 1048576K
}
Event: 23.550 GC heap after
{Heap after GC invocations=16 (full 2):
 PSYoungGen      total 22528K, used 0K [0x00000000d5580000, 0x00000000d7080000, 0x0000000100000000)
  eden space 22016K, 0% used [0x00000000d5580000,0x00000000d5580000,0x00000000d6b00000)
  from space 512K, 0% used [0x00000000d7000000,0x00000000d7000000,0x00000000d7080000)
  to   space 1024K, 0% used [0x00000000d6e80000,0x00000000d6e80000,0x00000000d6f80000)
 ParOldGen       total 68608K, used 18317K [0x0000000080000000, 0x0000000084300000, 0x00000000d5580000)
  object space 68608K, 26% used [0x0000000080000000,0x00000000811e3418,0x0000000084300000)
 Metaspace       used 34803K, committed 35840K, reserved 1114112K
  class space    used 3691K, committed 4160K, reserved 1048576K
}
Event: 24.388 GC heap before
{Heap before GC invocations=17 (full 2):
 PSYoungGen      total 22528K, used 22016K [0x00000000d5580000, 0x00000000d7080000, 0x0000000100000000)
  eden space 22016K, 100% used [0x00000000d5580000,0x00000000d6b00000,0x00000000d6b00000)
  from space 512K, 0% used [0x00000000d7000000,0x00000000d7000000,0x00000000d7080000)
  to   space 1024K, 0% used [0x00000000d6e80000,0x00000000d6e80000,0x00000000d6f80000)
 ParOldGen       total 68608K, used 18317K [0x0000000080000000, 0x0000000084300000, 0x00000000d5580000)
  object space 68608K, 26% used [0x0000000080000000,0x00000000811e3418,0x0000000084300000)
 Metaspace       used 37732K, committed 38784K, reserved 1114112K
  class space    used 4039K, committed 4480K, reserved 1048576K
}
Event: 24.393 GC heap after
{Heap after GC invocations=17 (full 2):
 PSYoungGen      total 23040K, used 1007K [0x00000000d5580000, 0x00000000d7080000, 0x0000000100000000)
  eden space 22016K, 0% used [0x00000000d5580000,0x00000000d5580000,0x00000000d6b00000)
  from space 1024K, 98% used [0x00000000d6e80000,0x00000000d6f7bc00,0x00000000d6f80000)
  to   space 1024K, 0% used [0x00000000d6f80000,0x00000000d6f80000,0x00000000d7080000)
 ParOldGen       total 68608K, used 19081K [0x0000000080000000, 0x0000000084300000, 0x00000000d5580000)
  object space 68608K, 27% used [0x0000000080000000,0x00000000812a2678,0x0000000084300000)
 Metaspace       used 37732K, committed 38784K, reserved 1114112K
  class space    used 4039K, committed 4480K, reserved 1048576K
}

Dll operation events (10 events):
Event: 0.076 Loaded shared library c:\Users\valer\.vscode\extensions\redhat.java-1.54.0-win32-x64\jre\21.0.10-win32-x86_64\bin\java.dll
Event: 0.409 Loaded shared library c:\Users\valer\.vscode\extensions\redhat.java-1.54.0-win32-x64\jre\21.0.10-win32-x86_64\bin\zip.dll
Event: 0.520 Loaded shared library C:\Users\valer\.vscode\extensions\redhat.java-1.54.0-win32-x64\jre\21.0.10-win32-x86_64\bin\instrument.dll
Event: 0.562 Loaded shared library C:\Users\valer\.vscode\extensions\redhat.java-1.54.0-win32-x64\jre\21.0.10-win32-x86_64\bin\net.dll
Event: 0.578 Loaded shared library C:\Users\valer\.vscode\extensions\redhat.java-1.54.0-win32-x64\jre\21.0.10-win32-x86_64\bin\nio.dll
Event: 0.606 Loaded shared library C:\Users\valer\.vscode\extensions\redhat.java-1.54.0-win32-x64\jre\21.0.10-win32-x86_64\bin\zip.dll
Event: 0.685 Loaded shared library C:\Users\valer\.vscode\extensions\redhat.java-1.54.0-win32-x64\jre\21.0.10-win32-x86_64\bin\jimage.dll
Event: 1.151 Loaded shared library c:\Users\valer\.vscode\extensions\redhat.java-1.54.0-win32-x64\jre\21.0.10-win32-x86_64\bin\verify.dll
Event: 7.533 Loaded shared library C:\Users\valer\AppData\Roaming\Code\User\globalStorage\redhat.java\1.54.0\config_win\org.eclipse.equinox.launcher\org.eclipse.equinox.launcher.win32.win32.x86_64_1.3.0.v20260203-2149\eclipse_11919.dll
Event: 16.052 Loaded shared library C:\Users\valer\AppData\Local\Temp\jna-111972238\jna15347411791258774111.dll

Deoptimization events (20 events):
Event: 24.670 Thread 0x000001bac7c3aa60 Uncommon trap: trap_request=0xffffffc6 fr.pc=0x000001baf3b3edbc relative=0x000000000000023c
Event: 24.670 Thread 0x000001bac7c3aa60 Uncommon trap: reason=bimorphic_or_optimized_type_check action=maybe_recompile pc=0x000001baf3b3edbc method=java.lang.ThreadLocal.set(Ljava/lang/Thread;Ljava/lang/Object;)V @ 2 c2
Event: 24.670 Thread 0x000001bac7c3aa60 DEOPT PACKING pc=0x000001baf3b3edbc sp=0x00000016ce0f8c30
Event: 24.670 Thread 0x000001bac7c3aa60 DEOPT UNPACKING pc=0x000001baf33d3aa2 sp=0x00000016ce0f8b70 mode 2
Event: 24.670 Thread 0x000001bac7c3aa60 Uncommon trap: trap_request=0xffffffc6 fr.pc=0x000001baf3b3edbc relative=0x000000000000023c
Event: 24.670 Thread 0x000001bac7c3aa60 Uncommon trap: reason=bimorphic_or_optimized_type_check action=maybe_recompile pc=0x000001baf3b3edbc method=java.lang.ThreadLocal.set(Ljava/lang/Thread;Ljava/lang/Object;)V @ 2 c2
Event: 24.670 Thread 0x000001bac7c3aa60 DEOPT PACKING pc=0x000001baf3b3edbc sp=0x00000016ce0f8c40
Event: 24.670 Thread 0x000001bac7c3aa60 DEOPT UNPACKING pc=0x000001baf33d3aa2 sp=0x00000016ce0f8b80 mode 2
Event: 24.670 Thread 0x000001bac7c3aa60 Uncommon trap: trap_request=0xffffffc6 fr.pc=0x000001baf3b3edbc relative=0x000000000000023c
Event: 24.670 Thread 0x000001bac7c3aa60 Uncommon trap: reason=bimorphic_or_optimized_type_check action=maybe_recompile pc=0x000001baf3b3edbc method=java.lang.ThreadLocal.set(Ljava/lang/Thread;Ljava/lang/Object;)V @ 2 c2
Event: 24.670 Thread 0x000001bac7c3aa60 DEOPT PACKING pc=0x000001baf3b3edbc sp=0x00000016ce0f8b80
Event: 24.670 Thread 0x000001bac7c3aa60 DEOPT UNPACKING pc=0x000001baf33d3aa2 sp=0x00000016ce0f8ac0 mode 2
Event: 24.670 Thread 0x000001bac7c3aa60 Uncommon trap: trap_request=0xffffffc6 fr.pc=0x000001baf3b3edbc relative=0x000000000000023c
Event: 24.670 Thread 0x000001bac7c3aa60 Uncommon trap: reason=bimorphic_or_optimized_type_check action=maybe_recompile pc=0x000001baf3b3edbc method=java.lang.ThreadLocal.set(Ljava/lang/Thread;Ljava/lang/Object;)V @ 2 c2
Event: 24.670 Thread 0x000001bac7c3aa60 DEOPT PACKING pc=0x000001baf3b3edbc sp=0x00000016ce0f8b80
Event: 24.670 Thread 0x000001bac7c3aa60 DEOPT UNPACKING pc=0x000001baf33d3aa2 sp=0x00000016ce0f8ac0 mode 2
Event: 24.739 Thread 0x000001bae8c504f0 Uncommon trap: trap_request=0xffffff45 fr.pc=0x000001baf396c860 relative=0x00000000000011a0
Event: 24.739 Thread 0x000001bae8c504f0 Uncommon trap: reason=unstable_if action=reinterpret pc=0x000001baf396c860 method=java.util.Properties.loadConvert([CIILjava/lang/StringBuilder;)Ljava/lang/String; @ 477 c2
Event: 24.739 Thread 0x000001bae8c504f0 DEOPT PACKING pc=0x000001baf396c860 sp=0x00000016cbff9a80
Event: 24.740 Thread 0x000001bae8c504f0 DEOPT UNPACKING pc=0x000001baf33d3aa2 sp=0x00000016cbff9a60 mode 2

Classes loaded (20 events):
Event: 24.642 Loading class sun/util/resources/TimeZoneNames_en
Event: 24.645 Loading class sun/util/resources/TimeZoneNames_en done
Event: 24.653 Loading class java/util/concurrent/CompletableFuture
Event: 24.654 Loading class javax/xml/parsers/FactoryConfigurationError
Event: 24.654 Loading class javax/xml/parsers/FactoryConfigurationError done
Event: 24.656 Loading class java/util/concurrent/CompletableFuture done
Event: 24.661 Loading class java/util/concurrent/CompletableFuture$AltResult
Event: 24.661 Loading class java/util/concurrent/CompletableFuture$AltResult done
Event: 24.662 Loading class java/util/concurrent/CompletableFuture$Completion
Event: 24.662 Loading class java/util/concurrent/CompletableFuture$AsynchronousCompletionTask
Event: 24.662 Loading class java/util/concurrent/CompletableFuture$AsynchronousCompletionTask done
Event: 24.663 Loading class java/util/concurrent/CompletableFuture$Completion done
Event: 24.666 Loading class java/util/concurrent/CompletableFuture$UniAccept
Event: 24.666 Loading class java/util/concurrent/CompletableFuture$UniCompletion
Event: 24.667 Loading class java/util/concurrent/CompletableFuture$UniCompletion done
Event: 24.667 Loading class java/util/concurrent/CompletableFuture$UniAccept done
Event: 24.670 Loading class java/util/concurrent/locks/ReentrantReadWriteLock$Sync$HoldCounter
Event: 24.670 Loading class java/util/concurrent/locks/ReentrantReadWriteLock$Sync$HoldCounter done
Event: 24.716 Loading class java/util/concurrent/Executors$DefaultThreadFactory
Event: 24.716 Loading class java/util/concurrent/Executors$DefaultThreadFactory done

Classes unloaded (7 events):
Event: 17.673 Thread 0x000001bac1af0090 Unloading class 0x000001ba811a9400 'java/lang/invoke/LambdaForm$MH+0x000001ba811a9400'
Event: 17.673 Thread 0x000001bac1af0090 Unloading class 0x000001ba811a9000 'java/lang/invoke/LambdaForm$MH+0x000001ba811a9000'
Event: 17.673 Thread 0x000001bac1af0090 Unloading class 0x000001ba811a8c00 'java/lang/invoke/LambdaForm$MH+0x000001ba811a8c00'
Event: 17.673 Thread 0x000001bac1af0090 Unloading class 0x000001ba811a8800 'java/lang/invoke/LambdaForm$MH+0x000001ba811a8800'
Event: 17.673 Thread 0x000001bac1af0090 Unloading class 0x000001ba811a8400 'java/lang/invoke/LambdaForm$BMH+0x000001ba811a8400'
Event: 17.673 Thread 0x000001bac1af0090 Unloading class 0x000001ba811a8000 'java/lang/invoke/LambdaForm$DMH+0x000001ba811a8000'
Event: 17.673 Thread 0x000001bac1af0090 Unloading class 0x000001ba811a6c00 'java/lang/invoke/LambdaForm$DMH+0x000001ba811a6c00'

Classes redefined (0 events):
No events

Internal exceptions (20 events):
Event: 22.810 Thread 0x000001bac1baa460 Exception <a 'java/lang/NoSuchMethodError'{0x00000000d58ddb38}: 'java.lang.Object java.lang.invoke.DirectMethodHandle$Holder.newInvokeSpecial(java.lang.Object, int, java.lang.Object, java.lang.Object)'> (0x00000000d58ddb38) 
thrown [s\src\hotspot\share\interpreter\linkResolver.cpp, line 773]
Event: 22.815 Thread 0x000001bac1baa460 Exception <a 'java/io/FileNotFoundException'{0x00000000d58f3970}> (0x00000000d58f3970) 
thrown [s\src\hotspot\share\prims\jni.cpp, line 520]
Event: 22.815 Thread 0x000001bac1baa460 Exception <a 'java/io/FileNotFoundException'{0x00000000d58f49a0}> (0x00000000d58f49a0) 
thrown [s\src\hotspot\share\prims\jni.cpp, line 520]
Event: 23.385 Thread 0x000001bac1baa460 Exception <a 'java/lang/ClassNotFoundException'{0x00000000d56d4aa8}: com/sun/org/apache/xerces/internal/impl/msg/spi/DOMMessagesProvider> (0x00000000d56d4aa8) 
thrown [s\src\hotspot\share\classfile\systemDictionary.cpp, line 312]
Event: 23.391 Thread 0x000001bac1baa460 Exception <a 'java/lang/ClassNotFoundException'{0x00000000d56f9108}: com/sun/org/apache/xerces/internal/impl/msg/spi/XMLSerializerMessagesProvider> (0x00000000d56f9108) 
thrown [s\src\hotspot\share\classfile\systemDictionary.cpp, line 312]
Event: 23.399 Thread 0x000001bac1baa460 Exception <a 'java/lang/ClassNotFoundException'{0x00000000d5748280}: com/sun/org/apache/xerces/internal/impl/msg/spi/XMLMessagesProvider> (0x00000000d5748280) 
thrown [s\src\hotspot\share\classfile\systemDictionary.cpp, line 312]
Event: 23.957 Thread 0x000001bac7c3b780 Exception <a 'java/lang/NoSuchMethodError'{0x00000000d5ef4b98}: 'void java.lang.invoke.DirectMethodHandle$Holder.invokeStaticInit(java.lang.Object, java.lang.Object, java.lang.Object)'> (0x00000000d5ef4b98) 
thrown [s\src\hotspot\share\interpreter\linkResolver.cpp, line 773]
Event: 23.984 Thread 0x000001bac7c3b780 Exception <a 'java/lang/ExceptionInInitializerError'{0x00000000d5fa6768}> (0x00000000d5fa6768) 
thrown [s\src\hotspot\share\oops\instanceKlass.cpp, line 1220]
Event: 24.036 Thread 0x000001bac7c3b780 Implicit null exception at 0x000001baf3acd5f7 to 0x000001baf3acd868
Event: 24.054 Thread 0x000001bac7c3b780 Implicit null exception at 0x000001baf3a601fe to 0x000001baf3a60470
Event: 24.054 Thread 0x000001bac7c3b780 Implicit null exception at 0x000001baf39ceb9c to 0x000001baf39cfab0
Event: 24.058 Thread 0x000001bac7c3b780 Exception <a 'java/lang/NoSuchMethodError'{0x00000000d61462b0}: 'java.lang.Object java.lang.invoke.Invokers$Holder.invokeExact_MT(java.lang.Object, int, java.lang.Object)'> (0x00000000d61462b0) 
thrown [s\src\hotspot\share\interpreter\linkResolver.cpp, line 773]
Event: 24.073 Thread 0x000001bac1baa460 Exception <a 'java/lang/ClassNotFoundException'{0x00000000d61a06c8}: com/sun/org/apache/xml/internal/serializer/spi/XMLEntitiesProvider> (0x00000000d61a06c8) 
thrown [s\src\hotspot\share\classfile\systemDictionary.cpp, line 312]
Event: 24.104 Thread 0x000001bac7c3b780 Exception <a 'java/lang/NoSuchMethodError'{0x00000000d62c3498}: 'int java.lang.invoke.DirectMethodHandle$Holder.invokeSpecial(java.lang.Object, java.lang.Object, java.lang.Object, java.lang.Object)'> (0x00000000d62c3498) 
thrown [s\src\hotspot\share\interpreter\linkResolver.cpp, line 773]
Event: 24.355 Thread 0x000001bac1baa460 Exception <a 'java/io/FileNotFoundException'{0x00000000d69ab8b0}> (0x00000000d69ab8b0) 
thrown [s\src\hotspot\share\prims\jni.cpp, line 520]
Event: 24.424 Thread 0x000001bac1baa460 Exception <a 'java/lang/UnsatisfiedLinkError'{0x00000000d5633708}: No se encontr籀 el proceso especificado.
> (0x00000000d5633708) 
thrown [s\src\hotspot\share\prims\jni.cpp, line 539]
Event: 24.440 Thread 0x000001bac1baa460 Exception <a 'java/io/FileNotFoundException'{0x00000000d564b478}> (0x00000000d564b478) 
thrown [s\src\hotspot\share\prims\jni.cpp, line 520]
Event: 24.470 Thread 0x000001bac1baa460 Exception <a 'java/io/FileNotFoundException'{0x00000000d5776940}> (0x00000000d5776940) 
thrown [s\src\hotspot\share\prims\jni.cpp, line 520]
Event: 24.488 Thread 0x000001bac1baa460 Exception <a 'java/lang/UnsatisfiedLinkError'{0x00000000d57a8e88}: No se encontr籀 el proceso especificado.
> (0x00000000d57a8e88) 
thrown [s\src\hotspot\share\prims\jni.cpp, line 539]
Event: 24.682 Thread 0x000001bac7c3a3d0 Exception <a 'java/lang/NoSuchMethodError'{0x00000000d5f84570}: 'void java.lang.invoke.DirectMethodHandle$Holder.invokeStaticInit(java.lang.Object, java.lang.Object, java.lang.Object, java.lang.Object)'> (0x00000000d5f84570) 
thrown [s\src\hotspot\share\interpreter\linkResolver.cpp, line 773]

ZGC Phase Switch (0 events):
No events

VM Operations (20 events):
Event: 22.470 Executing non-safepoint VM operation: HandshakeAllThreads (Deoptimize)
Event: 22.471 Executing non-safepoint VM operation: HandshakeAllThreads (Deoptimize) done
Event: 22.629 Executing non-safepoint VM operation: HandshakeAllThreads (Deoptimize)
Event: 22.630 Executing non-safepoint VM operation: HandshakeAllThreads (Deoptimize) done
Event: 22.796 Executing safepoint VM operation: ParallelGCFailedAllocation (Allocation Failure)
Event: 22.801 Executing safepoint VM operation: ParallelGCFailedAllocation (Allocation Failure) done
Event: 23.342 Executing safepoint VM operation: ParallelGCFailedAllocation (Allocation Failure)
Event: 23.347 Executing safepoint VM operation: ParallelGCFailedAllocation (Allocation Failure) done
Event: 23.455 Executing safepoint VM operation: CollectForMetadataAllocation (Metadata GC Threshold)
Event: 23.550 Executing safepoint VM operation: CollectForMetadataAllocation (Metadata GC Threshold) done
Event: 23.631 Executing non-safepoint VM operation: HandshakeAllThreads (Deoptimize)
Event: 23.632 Executing non-safepoint VM operation: HandshakeAllThreads (Deoptimize) done
Event: 24.200 Executing non-safepoint VM operation: HandshakeAllThreads (Deoptimize)
Event: 24.200 Executing non-safepoint VM operation: HandshakeAllThreads (Deoptimize) done
Event: 24.384 Executing non-safepoint VM operation: HandshakeAllThreads (Deoptimize)
Event: 24.385 Executing non-safepoint VM operation: HandshakeAllThreads (Deoptimize) done
Event: 24.388 Executing safepoint VM operation: ParallelGCFailedAllocation (Allocation Failure)
Event: 24.393 Executing safepoint VM operation: ParallelGCFailedAllocation (Allocation Failure) done
Event: 24.406 Executing non-safepoint VM operation: HandshakeAllThreads (Deoptimize)
Event: 24.406 Executing non-safepoint VM operation: HandshakeAllThreads (Deoptimize) done

Memory protections (0 events):
No events

Nmethod flushes (20 events):
Event: 23.508 Thread 0x000001bac1af0090 flushing  nmethod 0x000001baec496710
Event: 23.508 Thread 0x000001bac1af0090 flushing  nmethod 0x000001baec49cc90
Event: 23.508 Thread 0x000001bac1af0090 flushing  nmethod 0x000001baec49e110
Event: 23.508 Thread 0x000001bac1af0090 flushing  nmethod 0x000001baec49ea10
Event: 23.508 Thread 0x000001bac1af0090 flushing  nmethod 0x000001baec49fc10
Event: 23.508 Thread 0x000001bac1af0090 flushing  nmethod 0x000001baec4a0410
Event: 23.508 Thread 0x000001bac1af0090 flushing  nmethod 0x000001baec4a0b90
Event: 23.508 Thread 0x000001bac1af0090 flushing  nmethod 0x000001baec4a2110
Event: 23.508 Thread 0x000001bac1af0090 flushing  nmethod 0x000001baec4a2e10
Event: 23.508 Thread 0x000001bac1af0090 flushing  nmethod 0x000001baec4a3710
Event: 23.508 Thread 0x000001bac1af0090 flushing  nmethod 0x000001baec4a3b90
Event: 23.508 Thread 0x000001bac1af0090 flushing  nmethod 0x000001baec4a4490
Event: 23.508 Thread 0x000001bac1af0090 flushing  nmethod 0x000001baec4b0a10
Event: 23.508 Thread 0x000001bac1af0090 flushing  nmethod 0x000001baec4c5510
Event: 23.508 Thread 0x000001bac1af0090 flushing  nmethod 0x000001baec4cee90
Event: 23.508 Thread 0x000001bac1af0090 flushing  nmethod 0x000001baec4e0910
Event: 23.508 Thread 0x000001bac1af0090 flushing  nmethod 0x000001baec4e1610
Event: 23.508 Thread 0x000001bac1af0090 flushing  nmethod 0x000001baec4e9190
Event: 23.508 Thread 0x000001bac1af0090 flushing  nmethod 0x000001baec547c10
Event: 23.508 Thread 0x000001bac1af0090 flushing  nmethod 0x000001baec58dd90

Events (20 events):
Event: 13.283 Thread 0x000001bae8d01010 Thread added: 0x000001bac723be50
Event: 13.283 Thread 0x000001bae8d01010 Thread added: 0x000001bac723c500
Event: 13.846 Thread 0x000001bac723c500 Thread exited: 0x000001bac723c500
Event: 14.052 Thread 0x000001bac723be50 Thread exited: 0x000001bac723be50
Event: 14.326 Thread 0x000001bac1baa460 Thread added: 0x000001bac76bc0a0
Event: 15.242 Thread 0x000001bac1b12040 Thread added: 0x000001bac84af510
Event: 15.588 Thread 0x000001bac84af510 Thread exited: 0x000001bac84af510
Event: 16.128 Thread 0x000001bac1baa460 Thread added: 0x000001bac7c396b0
Event: 16.220 Thread 0x000001bac1baa460 Thread added: 0x000001bac7c3b780
Event: 16.285 Thread 0x000001bac1baa460 Thread added: 0x000001bac7c3a3d0
Event: 16.486 Thread 0x000001bac1b12040 Thread added: 0x000001bac85a6ce0
Event: 18.463 Thread 0x000001bac85a6ce0 Thread exited: 0x000001bac85a6ce0
Event: 18.502 Thread 0x000001bac1b12040 Thread added: 0x000001bac7dab040
Event: 18.621 Thread 0x000001bac7dab040 Thread exited: 0x000001bac7dab040
Event: 19.120 Thread 0x000001bac7c3a3d0 Thread added: 0x000001bac7c3aa60
Event: 20.841 Thread 0x000001bac1b12040 Thread added: 0x000001bac93d0090
Event: 21.235 Thread 0x000001bac1b12040 Thread added: 0x000001bac8703000
Event: 23.573 Thread 0x000001bac1baa460 Thread added: 0x000001bac7c39020
Event: 24.580 Thread 0x000001bac7c3a3d0 Thread added: 0x000001bacad27190
Event: 24.756 Thread 0x000001bacad27190 Thread added: 0x000001bacad28540


Dynamic libraries:
0x00007ff7e45e0000 - 0x00007ff7e45ee000 	c:\Users\valer\.vscode\extensions\redhat.java-1.54.0-win32-x64\jre\21.0.10-win32-x86_64\bin\java.exe
0x00007ffb2ac40000 - 0x00007ffb2aea6000 	C:\WINDOWS\SYSTEM32\ntdll.dll
0x00007ffb29330000 - 0x00007ffb293f9000 	C:\WINDOWS\System32\KERNEL32.DLL
0x00007ffb28100000 - 0x00007ffb284fa000 	C:\WINDOWS\System32\KERNELBASE.dll
0x00007ffb27fb0000 - 0x00007ffb280fc000 	C:\WINDOWS\System32\ucrtbase.dll
0x00007ffb17b40000 - 0x00007ffb17b58000 	c:\Users\valer\.vscode\extensions\redhat.java-1.54.0-win32-x64\jre\21.0.10-win32-x86_64\bin\jli.dll
0x00007ffb29160000 - 0x00007ffb29327000 	C:\WINDOWS\System32\USER32.dll
0x00007ffb27ed0000 - 0x00007ffb27ef7000 	C:\WINDOWS\System32\win32u.dll
0x00007ffb28ff0000 - 0x00007ffb2901b000 	C:\WINDOWS\System32\GDI32.dll
0x00007ffb1e9c0000 - 0x00007ffb1e9de000 	c:\Users\valer\.vscode\extensions\redhat.java-1.54.0-win32-x64\jre\21.0.10-win32-x86_64\bin\VCRUNTIME140.dll
0x00007ffb28880000 - 0x00007ffb289ab000 	C:\WINDOWS\System32\gdi32full.dll
0x00007ffb27f00000 - 0x00007ffb27fa3000 	C:\WINDOWS\System32\msvcp_win.dll
0x00007ffb0c320000 - 0x00007ffb0c5b2000 	C:\WINDOWS\WinSxS\amd64_microsoft.windows.common-controls_6595b64144ccf1df_6.0.26100.8521_none_3e08b75ce33403b3\COMCTL32.dll
0x00007ffb290b0000 - 0x00007ffb29159000 	C:\WINDOWS\System32\msvcrt.dll
0x00007ffb28c20000 - 0x00007ffb28c52000 	C:\WINDOWS\System32\IMM32.DLL
0x00007ffb15d50000 - 0x00007ffb15d5c000 	c:\Users\valer\.vscode\extensions\redhat.java-1.54.0-win32-x64\jre\21.0.10-win32-x86_64\bin\vcruntime140_1.dll
0x00007ffadf1e0000 - 0x00007ffadf26d000 	c:\Users\valer\.vscode\extensions\redhat.java-1.54.0-win32-x64\jre\21.0.10-win32-x86_64\bin\msvcp140.dll
0x00007ffad8290000 - 0x00007ffad9031000 	c:\Users\valer\.vscode\extensions\redhat.java-1.54.0-win32-x64\jre\21.0.10-win32-x86_64\bin\server\jvm.dll
0x00007ffb29920000 - 0x00007ffb299d6000 	C:\WINDOWS\System32\ADVAPI32.dll
0x00007ffb29790000 - 0x00007ffb2983a000 	C:\WINDOWS\System32\sechost.dll
0x00007ffb2a8b0000 - 0x00007ffb2a9c8000 	C:\WINDOWS\System32\RPCRT4.dll
0x00007ffb2a810000 - 0x00007ffb2a890000 	C:\WINDOWS\System32\WS2_32.dll
0x00007ffb27d20000 - 0x00007ffb27d7e000 	C:\WINDOWS\SYSTEM32\POWRPROF.dll
0x00007ffb1f450000 - 0x00007ffb1f486000 	C:\WINDOWS\SYSTEM32\WINMM.dll
0x00007ffb1efd0000 - 0x00007ffb1efdb000 	C:\WINDOWS\SYSTEM32\VERSION.dll
0x00007ffb27d00000 - 0x00007ffb27d14000 	C:\WINDOWS\SYSTEM32\UMPDC.dll
0x00007ffb26c60000 - 0x00007ffb26c7b000 	C:\WINDOWS\SYSTEM32\kernel.appcore.dll
0x00007ffb15d40000 - 0x00007ffb15d4a000 	c:\Users\valer\.vscode\extensions\redhat.java-1.54.0-win32-x64\jre\21.0.10-win32-x86_64\bin\jimage.dll
0x00007ffb24ca0000 - 0x00007ffb24ee2000 	C:\WINDOWS\SYSTEM32\DBGHELP.DLL
0x00007ffb29400000 - 0x00007ffb29783000 	C:\WINDOWS\System32\combase.dll
0x00007ffb29840000 - 0x00007ffb29919000 	C:\WINDOWS\System32\OLEAUT32.dll
0x00007ffb06690000 - 0x00007ffb066cb000 	C:\WINDOWS\SYSTEM32\dbgcore.DLL
0x00007ffb28590000 - 0x00007ffb28638000 	C:\WINDOWS\System32\bcryptPrimitives.dll
0x00007ffb15a90000 - 0x00007ffb15a9f000 	c:\Users\valer\.vscode\extensions\redhat.java-1.54.0-win32-x64\jre\21.0.10-win32-x86_64\bin\instrument.dll
0x00007ffb15a70000 - 0x00007ffb15a90000 	c:\Users\valer\.vscode\extensions\redhat.java-1.54.0-win32-x64\jre\21.0.10-win32-x86_64\bin\java.dll
0x00007ffb29ff0000 - 0x00007ffb2a774000 	C:\WINDOWS\System32\SHELL32.dll
0x00007ffb25a60000 - 0x00007ffb262e0000 	C:\WINDOWS\SYSTEM32\windows.storage.dll
0x00007ffb28c60000 - 0x00007ffb28d56000 	C:\WINDOWS\System32\SHCORE.dll
0x00007ffb28f80000 - 0x00007ffb28fe7000 	C:\WINDOWS\System32\shlwapi.dll
0x00007ffb27df0000 - 0x00007ffb27e19000 	C:\WINDOWS\SYSTEM32\profapi.dll
0x00007ffb0d8f0000 - 0x00007ffb0d908000 	c:\Users\valer\.vscode\extensions\redhat.java-1.54.0-win32-x64\jre\21.0.10-win32-x86_64\bin\zip.dll
0x00007ffb15a60000 - 0x00007ffb15a70000 	C:\Users\valer\.vscode\extensions\redhat.java-1.54.0-win32-x64\jre\21.0.10-win32-x86_64\bin\net.dll
0x00007ffb1f100000 - 0x00007ffb1f229000 	C:\WINDOWS\SYSTEM32\WINHTTP.dll
0x00007ffb271d0000 - 0x00007ffb2723c000 	C:\WINDOWS\system32\mswsock.dll
0x00007ffb04b50000 - 0x00007ffb04b66000 	C:\Users\valer\.vscode\extensions\redhat.java-1.54.0-win32-x64\jre\21.0.10-win32-x86_64\bin\nio.dll
0x00007ffb061b0000 - 0x00007ffb061c0000 	c:\Users\valer\.vscode\extensions\redhat.java-1.54.0-win32-x64\jre\21.0.10-win32-x86_64\bin\verify.dll
0x00007ffaf62c0000 - 0x00007ffaf6305000 	C:\Users\valer\AppData\Roaming\Code\User\globalStorage\redhat.java\1.54.0\config_win\org.eclipse.equinox.launcher\org.eclipse.equinox.launcher.win32.win32.x86_64_1.3.0.v20260203-2149\eclipse_11919.dll
0x00007ffb28d60000 - 0x00007ffb28ef8000 	C:\WINDOWS\System32\ole32.dll
0x00007ffb274b0000 - 0x00007ffb274cb000 	C:\WINDOWS\SYSTEM32\CRYPTSP.dll
0x00007ffb26bc0000 - 0x00007ffb26bf9000 	C:\WINDOWS\system32\rsaenh.dll
0x00007ffb27280000 - 0x00007ffb272b3000 	C:\WINDOWS\SYSTEM32\USERENV.dll
0x00007ffb27dc0000 - 0x00007ffb27dea000 	C:\WINDOWS\SYSTEM32\bcrypt.dll
0x00007ffb274d0000 - 0x00007ffb274dc000 	C:\WINDOWS\SYSTEM32\CRYPTBASE.dll
0x00007ffb26620000 - 0x00007ffb26653000 	C:\WINDOWS\SYSTEM32\IPHLPAPI.DLL
0x00007ffb2abf0000 - 0x00007ffb2abfa000 	C:\WINDOWS\System32\NSI.dll
0x00007ffaee4e0000 - 0x00007ffaee529000 	C:\Users\valer\AppData\Local\Temp\jna-111972238\jna15347411791258774111.dll
0x00007ffb2a8a0000 - 0x00007ffb2a8a8000 	C:\WINDOWS\System32\PSAPI.DLL
0x00007ffb225b0000 - 0x00007ffb225cd000 	C:\WINDOWS\SYSTEM32\dhcpcsvc6.DLL
0x00007ffb22050000 - 0x00007ffb22075000 	C:\WINDOWS\SYSTEM32\dhcpcsvc.DLL

JVMTI agents:
c:\Users\valer\.vscode\extensions\redhat.java-1.54.0-win32-x64\lombok\lombok-1.18.39-4050.jar path:c:\Users\valer\.vscode\extensions\redhat.java-1.54.0-win32-x64\jre\21.0.10-win32-x86_64\bin\instrument.dll, loaded, initialized, instrumentlib options:none

dbghelp: loaded successfully - version: 4.0.5 - missing functions: none
symbol engine: initialized successfully - sym options: 0x614 - pdb path: .;c:\Users\valer\.vscode\extensions\redhat.java-1.54.0-win32-x64\jre\21.0.10-win32-x86_64\bin;C:\WINDOWS\SYSTEM32;C:\WINDOWS\WinSxS\amd64_microsoft.windows.common-controls_6595b64144ccf1df_6.0.26100.8521_none_3e08b75ce33403b3;c:\Users\valer\.vscode\extensions\redhat.java-1.54.0-win32-x64\jre\21.0.10-win32-x86_64\bin\server;C:\Users\valer\AppData\Roaming\Code\User\globalStorage\redhat.java\1.54.0\config_win\org.eclipse.equinox.launcher\org.eclipse.equinox.launcher.win32.win32.x86_64_1.3.0.v20260203-2149;C:\Users\valer\AppData\Local\Temp\jna-111972238

VM Arguments:
jvm_args: --add-modules=ALL-SYSTEM --add-opens=java.base/java.util=ALL-UNNAMED --add-opens=java.base/java.lang=ALL-UNNAMED --add-opens=java.base/sun.nio.fs=ALL-UNNAMED -Declipse.application=org.eclipse.jdt.ls.core.id1 -Dosgi.bundles.defaultStartLevel=4 -Declipse.product=org.eclipse.jdt.ls.core.product -Djava.import.generatesMetadataFilesAtProjectRoot=false -DDetectVMInstallationsJob.disabled=true -Dfile.encoding=utf8 -XX:+UseParallelGC -XX:GCTimeRatio=4 -XX:AdaptiveSizePolicyWeight=90 -Dsun.zip.disableMemoryMapping=true -Xmx2G -Xms100m -Xlog:disable -javaagent:c:\Users\valer\.vscode\extensions\redhat.java-1.54.0-win32-x64\lombok\lombok-1.18.39-4050.jar -XX:+HeapDumpOnOutOfMemoryError -XX:HeapDumpPath=c:\Users\valer\AppData\Roaming\Code\User\workspaceStorage\ea6754926f2a72bde354673a39cd8a41\redhat.java -Daether.dependencyCollector.impl=bf 
java_command: c:\Users\valer\.vscode\extensions\redhat.java-1.54.0-win32-x64\server\plugins\org.eclipse.equinox.launcher_1.7.100.v20251111-0406.jar -configuration c:\Users\valer\AppData\Roaming\Code\User\globalStorage\redhat.java\1.54.0\config_win -data c:\Users\valer\AppData\Roaming\Code\User\workspaceStorage\ea6754926f2a72bde354673a39cd8a41\redhat.java\jdt_ws --pipe=\\.\pipe\lsp-da8065e3c8c97a4b9f0a2e4b96345104-sock
java_class_path (initial): c:\Users\valer\.vscode\extensions\redhat.java-1.54.0-win32-x64\server\plugins\org.eclipse.equinox.launcher_1.7.100.v20251111-0406.jar
Launcher Type: SUN_STANDARD

[Global flags]
    uintx AdaptiveSizePolicyWeight                 = 90                                        {product} {command line}
     intx CICompilerCount                          = 4                                         {product} {ergonomic}
    uintx GCTimeRatio                              = 4                                         {product} {command line}
     bool HeapDumpOnOutOfMemoryError               = true                                   {manageable} {command line}
    ccstr HeapDumpPath                             = c:\Users\valer\AppData\Roaming\Code\User\workspaceStorage\ea6754926f2a72bde354673a39cd8a41\redhat.java         {manageable} {command line}
   size_t InitialHeapSize                          = 104857600                                 {product} {command line}
   size_t MaxHeapSize                              = 2147483648                                {product} {command line}
   size_t MaxNewSize                               = 715653120                                 {product} {ergonomic}
   size_t MinHeapDeltaBytes                        = 524288                                    {product} {ergonomic}
   size_t MinHeapSize                              = 104857600                                 {product} {command line}
   size_t NewSize                                  = 34603008                                  {product} {ergonomic}
    uintx NonNMethodCodeHeapSize                   = 5839372                                {pd product} {ergonomic}
    uintx NonProfiledCodeHeapSize                  = 122909434                              {pd product} {ergonomic}
   size_t OldSize                                  = 70254592                                  {product} {ergonomic}
    uintx ProfiledCodeHeapSize                     = 122909434                              {pd product} {ergonomic}
    uintx ReservedCodeCacheSize                    = 251658240                              {pd product} {ergonomic}
     bool SegmentedCodeCache                       = true                                      {product} {ergonomic}
   size_t SoftMaxHeapSize                          = 2147483648                             {manageable} {ergonomic}
     bool UseCompressedOops                        = true                           {product lp64_product} {ergonomic}
     bool UseLargePagesIndividualAllocation        = false                                  {pd product} {ergonomic}
     bool UseParallelGC                            = true                                      {product} {command line}

Logging:
Log output configuration:
 #0: stdout all=off uptime,level,tags foldmultilines=false
 #1: stderr all=off uptime,level,tags foldmultilines=false

Release file:
JAVA_VERSION="21.0.10" 
MODULES="java.base java.compiler java.datatransfer java.xml java.prefs java.desktop java.instrument java.logging java.management java.security.sasl java.naming java.rmi java.management.rmi java.net.http java.scripting java.security.jgss java.transaction.xa java.sql java.sql.rowset java.xml.crypto java.se java.smartcardio jdk.accessibility jdk.internal.jvmstat jdk.attach jdk.charsets jdk.internal.opt jdk.zipfs jdk.compiler jdk.crypto.ec jdk.crypto.cryptoki jdk.crypto.mscapi jdk.dynalink jdk.internal.ed jdk.editpad jdk.hotspot.agent jdk.httpserver jdk.internal.le jdk.internal.vm.ci jdk.internal.vm.compiler jdk.internal.vm.compiler.management jdk.jartool jdk.javadoc jdk.jcmd jdk.management jdk.management.agent jdk.jconsole jdk.jdeps jdk.jdwp.agent jdk.jdi jdk.jfr jdk.jshell jdk.jsobject jdk.jstatd jdk.localedata jdk.management.jfr jdk.naming.dns jdk.naming.rmi jdk.net jdk.nio.mapmode jdk.random jdk.sctp jdk.security.auth jdk.security.jgss jdk.unsupported jdk.unsupported.desktop jdk.xml.dom" 

Environment Variables:
JAVA_HOME=C:\Program Files\Eclipse Adoptium\jdk-21.0.7.6-hotspot\
PATH=C:\oracleXE\dbhomeXE\bin;C:\Program Files\Eclipse Adoptium\jdk-21.0.7.6-hotspot\bin;C:\WINDOWS\system32;C:\WINDOWS;C:\WINDOWS\System32\Wbem;C:\WINDOWS\System32\WindowsPowerShell\v1.0\;C:\WINDOWS\System32\OpenSSH\;C:\Program Files\dotnet\;C:\Program Files\nodejs\;C:\Program Files\Git\cmd;C:\Program Files\Git\bin;C:\Program Files\Docker\Docker\resources\bin;C:\Users\valer\AppData\Local\Programs\Python\Python314\Scripts\;C:\Users\valer\AppData\Local\Programs\Python\Python314\;C:\Users\valer\AppData\Local\Programs\Python\Launcher\;C:\Users\valer\AppData\Local\Microsoft\WindowsApps;C:\Users\valer\AppData\Local\Programs\Microsoft VS Code\bin;C:\Users\valer\AppData\Local\GitHubDesktop\bin;C:\Users\valer\AppData\Roaming\npm;C:\Users\valer\Downloads\apache-maven-3.9.11-bin\apache-maven-3.9.11\bin;C:\Users\valer\AppData\Local\Microsoft\WinGet\Packages\BurntSushi.ripgrep.MSVC_Microsoft.Winget.Source_8wekyb3d8bbwe\ripgrep-15.1.0-x86_64-pc-windows-msvc;C:\Users\valer\AppData\Local\Microsoft\WinGet\Packages\sharkdp.fd_Microsoft.Winget.Source_8wekyb3d8bbwe\fd-v10.3.0-x86_64-pc-windows-msvc;
USERNAME=valer
OS=Windows_NT
PROCESSOR_IDENTIFIER=Intel64 Family 6 Model 186 Stepping 3, GenuineIntel
TMP=C:\Users\valer\AppData\Local\Temp
TEMP=C:\Users\valer\AppData\Local\Temp




Periodic native trim disabled

---------------  S Y S T E M  ---------------

OS:
 Windows 11 , 64 bit Build 26100 (10.0.26100.8521)
OS uptime: 1 days 0:36 hours
Hyper-V role detected

CPU: total 12 (initial active 12) (6 cores per cpu, 2 threads per core) family 6 model 186 stepping 3 microcode 0x411f, cx8, cmov, fxsr, ht, mmx, 3dnowpref, sse, sse2, sse3, ssse3, sse4.1, sse4.2, popcnt, lzcnt, tsc, tscinvbit, avx, avx2, aes, erms, clmul, bmi1, bmi2, adx, sha, fma, vzeroupper, clflush, clflushopt, clwb, hv, serialize, rdtscp, rdpid, fsrm, f16c, cet_ibt, cet_ss
Processor Information for processor 0
  Max Mhz: 1300, Current Mhz: 1300, Mhz Limit: 1300
Processor Information for processor 1
  Max Mhz: 1300, Current Mhz: 1300, Mhz Limit: 1300
Processor Information for processor 2
  Max Mhz: 1300, Current Mhz: 1300, Mhz Limit: 1300
Processor Information for processor 3
  Max Mhz: 1300, Current Mhz: 1300, Mhz Limit: 1300
Processor Information for processor 4
  Max Mhz: 1300, Current Mhz: 900, Mhz Limit: 897
Processor Information for processor 5
  Max Mhz: 1300, Current Mhz: 900, Mhz Limit: 897
Processor Information for processor 6
  Max Mhz: 1300, Current Mhz: 900, Mhz Limit: 897
Processor Information for processor 7
  Max Mhz: 1300, Current Mhz: 900, Mhz Limit: 897
Processor Information for processor 8
  Max Mhz: 1300, Current Mhz: 900, Mhz Limit: 897
Processor Information for processor 9
  Max Mhz: 1300, Current Mhz: 900, Mhz Limit: 897
Processor Information for processor 10
  Max Mhz: 1300, Current Mhz: 900, Mhz Limit: 897
Processor Information for processor 11
  Max Mhz: 1300, Current Mhz: 900, Mhz Limit: 897

Memory: 4k page, system-wide physical 16067M (1123M free)
TotalPageFile size 41035M (AvailPageFile size 0M)
current process WorkingSet (physical memory assigned to process): 217M, peak: 222M
current process commit charge ("private bytes"): 349M, peak: 351M

vm_info: OpenJDK 64-Bit Server VM (21.0.10+7-LTS) for windows-amd64 JRE (21.0.10+7-LTS), built on 2026-01-20T00:00:00Z by "admin" with MS VC++ 17.12 (VS2022)

END.
